<?xml version="1.0" encoding="UTF-8"?>
<!-- Generated by org.testng.reporters.JUnitXMLReporter -->
<testsuite ignored="0" hostname="DESKTOP-KLJ4M8L" failures="0" tests="7" name="Default test" time="4.6" errors="0" timestamp="2025-09-15T17:08:19 KST">
  <testcase classname="org.shark.boot02.ApplicationTests" name="contextLoads" time="0.013"/>
  <testcase classname="org.shark.boot02.ApplicationTests" name="nowTest" time="0.075"/>
  <testcase classname="org.shark.boot02.ApplicationTests" name="boardListTest" time="0.01"/>
  <testcase classname="org.shark.boot02.ApplicationTests" name="boardDetailTest" time="0.005"/>
  <testcase classname="org.shark.boot02.ApplicationTests" name="boardInsertTest" time="0.01"/>
  <testcase classname="org.shark.boot02.ApplicationTests" name="boardUpdateTest" time="0.009"/>
  <testcase classname="org.shark.boot02.ApplicationTests" name="boardDeleteTest" time="0.006"/>
</testsuite> <!-- Default test -->
